<?xml version="1.0" encoding="UTF-8"?>
<!-- Generated by org.testng.reporters.JUnitReportReporter -->
<testsuite hostname="DESKTOP-L4S2AS9" failures="0" tests="11" name="mikaels.clappy.CreateShow" time="33.027" errors="0" timestamp="08 Oct 2018 15:16:04 GMT" skipped="0">
  <testcase classname="mikaels.clappy.CreateShow" name="Test07_Create_New_Show" time="3.652"/>
  <testcase classname="mikaels.clappy.CreateShow" name="Test09_Fill_Create_Show_Form" time="1.408"/>
  <testcase classname="mikaels.clappy.CreateShow" name="Test01_Fill_Login_Credentials" time="7.499"/>
  <testcase classname="mikaels.clappy.CreateShow" name="Test04_Redirect_To_Show_Liabrary" time="3.497"/>
  <testcase classname="mikaels.clappy.CreateShow" name="Test08_Verify_Redirection_To_Create_New_Show" time="1.041"/>
  <testcase classname="mikaels.clappy.CreateShow" name="Test05_Verify_Redirection_To_Show_Liabrary" time="1.036"/>
  <testcase classname="mikaels.clappy.CreateShow" name="Test02_Click_Login_Button" time="6.954"/>
  <testcase classname="mikaels.clappy.CreateShow" name="Test03_Verify_Login" time="1.043"/>
  <testcase classname="mikaels.clappy.CreateShow" name="Test06_Verify_Show_Liabrary_Elements" time="0.924"/>
  <testcase classname="mikaels.clappy.CreateShow" name="Test10_Click_Create_Show" time="5.872"/>
  <testcase classname="mikaels.clappy.CreateShow" name="Test11_Verify_Create_Show_Success_Message" time="0.101"/>
</testsuite> <!-- mikaels.clappy.CreateShow -->
